This is pdfTeX, Version 3.141592653-2.6-1.40.24 (MiKTeX 22.1) (preloaded format=pdflatex 2022.2.16)  11 JAN 2024 12:00
entering extended mode
 restricted \write18 enabled.
 %&-line parsing enabled.
**./main.tex
(main.tex
LaTeX2e <2021-11-15> patch level 1
L3 programming layer <2022-02-05> (mybook.cls
Document Class: mybook 1999/09/10 v1.4a Standard LaTeX document class
(C:\Users\42190\AppData\Local\Programs\MiKTeX\tex/latex/base\fleqn.clo
File: fleqn.clo 2016/12/29 v1.2b Standard LaTeX option (flush left equations)
\mathindent=\skip47
Applying: [2015/01/01] Make \[ robust on input line 50.
LaTeX Info: Redefining \[ on input line 51.
Already applied: [0000/00/00] Make \[ robust on input line 62.
Applying: [2015/01/01] Make \] robust on input line 74.
LaTeX Info: Redefining \] on input line 75.
Already applied: [0000/00/00] Make \] robust on input line 83.
)
(C:\Users\42190\AppData\Local\Programs\MiKTeX\tex/latex/base\bk12.clo
File: bk12.clo 2021/10/04 v1.4n Standard LaTeX file (size option)
)
\c@part=\count185
\c@chapter=\count186
\c@section=\count187
\c@subsection=\count188
\c@subsubsection=\count189
\c@paragraph=\count190
\c@subparagraph=\count191
\c@figure=\count192
\c@table=\count193
\abovecaptionskip=\skip48
\belowcaptionskip=\skip49
\bibindent=\dimen138
)
(C:\Users\42190\AppData\Local\Programs\MiKTeX\tex/generic/babel\babel.sty
Package: babel 2022/01/26 3.70 The Babel package
\babel@savecnt=\count194
\U@D=\dimen139
\l@unhyphenated=\language79

(C:\Users\42190\AppData\Local\Programs\MiKTeX\tex/generic/babel\txtbabel.def)
\bbl@readstream=\read2
\bbl@dirlevel=\count195

*************************************
* Local config file bblopts.cfg used
*
(C:\Users\42190\AppData\Local\Programs\MiKTeX\tex/latex/arabi\bblopts.cfg
File: bblopts.cfg 2005/09/08 v0.1 add Arabic and Farsi to "declared" options of
 babel
)
(C:\Users\42190\AppData\Local\Programs\MiKTeX\tex/latex/babel-english\english.l
df
Language: english 2017/06/06 v3.3r English support from the babel system
Package babel Info: Hyphen rules for 'canadian' set to \l@english
(babel)             (\language0). Reported on input line 102.
Package babel Info: Hyphen rules for 'australian' set to \l@ukenglish
(babel)             (\language73). Reported on input line 105.
Package babel Info: Hyphen rules for 'newzealand' set to \l@ukenglish
(babel)             (\language73). Reported on input line 108.
)) (C:\Users\42190\AppData\Local\Programs\MiKTeX\tex/latex/base\inputenc.sty
Package: inputenc 2021/02/14 v1.3d Input encoding file
\inpenc@prehook=\toks16
\inpenc@posthook=\toks17
) (C:\Users\42190\AppData\Local\Programs\MiKTeX\tex/latex/base\fontenc.sty
Package: fontenc 2021/04/29 v2.0v Standard LaTeX package
)
(C:\Users\42190\AppData\Local\Programs\MiKTeX\tex/latex/lm\lmodern.sty
Package: lmodern 2009/10/30 v1.6 Latin Modern Fonts
LaTeX Font Info:    Overwriting symbol font `operators' in version `normal'
(Font)                  OT1/cmr/m/n --> OT1/lmr/m/n on input line 22.
LaTeX Font Info:    Overwriting symbol font `letters' in version `normal'
(Font)                  OML/cmm/m/it --> OML/lmm/m/it on input line 23.
LaTeX Font Info:    Overwriting symbol font `symbols' in version `normal'
(Font)                  OMS/cmsy/m/n --> OMS/lmsy/m/n on input line 24.
LaTeX Font Info:    Overwriting symbol font `largesymbols' in version `normal'
(Font)                  OMX/cmex/m/n --> OMX/lmex/m/n on input line 25.
LaTeX Font Info:    Overwriting symbol font `operators' in version `bold'
(Font)                  OT1/cmr/bx/n --> OT1/lmr/bx/n on input line 26.
LaTeX Font Info:    Overwriting symbol font `letters' in version `bold'
(Font)                  OML/cmm/b/it --> OML/lmm/b/it on input line 27.
LaTeX Font Info:    Overwriting symbol font `symbols' in version `bold'
(Font)                  OMS/cmsy/b/n --> OMS/lmsy/b/n on input line 28.
LaTeX Font Info:    Overwriting symbol font `largesymbols' in version `bold'
(Font)                  OMX/cmex/m/n --> OMX/lmex/m/n on input line 29.
LaTeX Font Info:    Overwriting math alphabet `\mathbf' in version `normal'
(Font)                  OT1/cmr/bx/n --> OT1/lmr/bx/n on input line 31.
LaTeX Font Info:    Overwriting math alphabet `\mathsf' in version `normal'
(Font)                  OT1/cmss/m/n --> OT1/lmss/m/n on input line 32.
LaTeX Font Info:    Overwriting math alphabet `\mathit' in version `normal'
(Font)                  OT1/cmr/m/it --> OT1/lmr/m/it on input line 33.
LaTeX Font Info:    Overwriting math alphabet `\mathtt' in version `normal'
(Font)                  OT1/cmtt/m/n --> OT1/lmtt/m/n on input line 34.
LaTeX Font Info:    Overwriting math alphabet `\mathbf' in version `bold'
(Font)                  OT1/cmr/bx/n --> OT1/lmr/bx/n on input line 35.
LaTeX Font Info:    Overwriting math alphabet `\mathsf' in version `bold'
(Font)                  OT1/cmss/bx/n --> OT1/lmss/bx/n on input line 36.
LaTeX Font Info:    Overwriting math alphabet `\mathit' in version `bold'
(Font)                  OT1/cmr/bx/it --> OT1/lmr/bx/it on input line 37.
LaTeX Font Info:    Overwriting math alphabet `\mathtt' in version `bold'
(Font)                  OT1/cmtt/m/n --> OT1/lmtt/m/n on input line 38.
)
(C:\Users\42190\AppData\Local\Programs\MiKTeX\tex/latex/mathtools\mathtools.sty
Package: mathtools 2022/02/07 v1.28a mathematical typesetting tools
(C:\Users\42190\AppData\Local\Programs\MiKTeX\tex/latex/graphics\keyval.sty
Package: keyval 2014/10/28 v1.15 key=value parser (DPC)
\KV@toks@=\toks18
)
(C:\Users\42190\AppData\Local\Programs\MiKTeX\tex/latex/tools\calc.sty
Package: calc 2017/05/25 v4.3 Infix arithmetic (KKT,FJ)
\calc@Acount=\count196
\calc@Bcount=\count197
\calc@Adimen=\dimen140
\calc@Bdimen=\dimen141
\calc@Askip=\skip50
\calc@Bskip=\skip51
LaTeX Info: Redefining \setlength on input line 80.
LaTeX Info: Redefining \addtolength on input line 81.
\calc@Ccount=\count198
\calc@Cskip=\skip52
)
(C:\Users\42190\AppData\Local\Programs\MiKTeX\tex/latex/mathtools\mhsetup.sty
Package: mhsetup 2021/03/18 v1.4 programming setup (MH)
)
(C:\Users\42190\AppData\Local\Programs\MiKTeX\tex/latex/amsmath\amsmath.sty
Package: amsmath 2021/10/15 v2.17l AMS math features
\@mathmargin=\skip53

For additional information on amsmath, use the `?' option.
(C:\Users\42190\AppData\Local\Programs\MiKTeX\tex/latex/amsmath\amstext.sty
Package: amstext 2021/08/26 v2.01 AMS text

(C:\Users\42190\AppData\Local\Programs\MiKTeX\tex/latex/amsmath\amsgen.sty
File: amsgen.sty 1999/11/30 v2.0 generic functions
\@emptytoks=\toks19
\ex@=\dimen142
))
(C:\Users\42190\AppData\Local\Programs\MiKTeX\tex/latex/amsmath\amsbsy.sty
Package: amsbsy 1999/11/29 v1.2d Bold Symbols
\pmbraise@=\dimen143
)
(C:\Users\42190\AppData\Local\Programs\MiKTeX\tex/latex/amsmath\amsopn.sty
Package: amsopn 2021/08/26 v2.02 operator names
)
\inf@bad=\count199
LaTeX Info: Redefining \frac on input line 234.
\uproot@=\count266
\leftroot@=\count267
LaTeX Info: Redefining \overline on input line 399.
\classnum@=\count268
\DOTSCASE@=\count269
LaTeX Info: Redefining \ldots on input line 496.
LaTeX Info: Redefining \dots on input line 499.
LaTeX Info: Redefining \cdots on input line 620.
\Mathstrutbox@=\box50
\strutbox@=\box51
\big@size=\dimen144
LaTeX Font Info:    Redeclaring font encoding OML on input line 743.
LaTeX Font Info:    Redeclaring font encoding OMS on input line 744.
\macc@depth=\count270
\c@MaxMatrixCols=\count271
\dotsspace@=\muskip16
\c@parentequation=\count272
\dspbrk@lvl=\count273
\tag@help=\toks20
\row@=\count274
\column@=\count275
\maxfields@=\count276
\andhelp@=\toks21
\eqnshift@=\dimen145
\alignsep@=\dimen146
\tagshift@=\dimen147
\tagwidth@=\dimen148
\totwidth@=\dimen149
\lineht@=\dimen150
\@envbody=\toks22
\multlinegap=\skip54
\multlinetaggap=\skip55
\mathdisplay@stack=\toks23
LaTeX Info: Redefining \[ on input line 2938.
LaTeX Info: Redefining \] on input line 2939.
)
\g_MT_multlinerow_int=\count277
\l_MT_multwidth_dim=\dimen151
\origjot=\skip56
\l_MT_shortvdotswithinadjustabove_dim=\dimen152
\l_MT_shortvdotswithinadjustbelow_dim=\dimen153
\l_MT_above_intertext_sep=\dimen154
\l_MT_below_intertext_sep=\dimen155
\l_MT_above_shortintertext_sep=\dimen156
\l_MT_below_shortintertext_sep=\dimen157
\xmathstrut@box=\box52
\xmathstrut@dim=\dimen158
)
(C:\Users\42190\AppData\Local\Programs\MiKTeX\tex/latex/graphics\graphicx.sty
Package: graphicx 2021/09/16 v1.2d Enhanced LaTeX Graphics (DPC,SPQR)

(C:\Users\42190\AppData\Local\Programs\MiKTeX\tex/latex/graphics\graphics.sty
Package: graphics 2021/03/04 v1.4d Standard LaTeX Graphics (DPC,SPQR)

(C:\Users\42190\AppData\Local\Programs\MiKTeX\tex/latex/graphics\trig.sty
Package: trig 2021/08/11 v1.11 sin cos tan (DPC)
)
(C:\Users\42190\AppData\Local\Programs\MiKTeX\tex/latex/graphics-cfg\graphics.c
fg
File: graphics.cfg 2016/06/04 v1.11 sample graphics configuration
)
Package graphics Info: Driver file: pdftex.def on input line 107.

(C:\Users\42190\AppData\Local\Programs\MiKTeX\tex/latex/graphics-def\pdftex.def
File: pdftex.def 2020/10/05 v1.2a Graphics/color driver for pdftex
))
\Gin@req@height=\dimen159
\Gin@req@width=\dimen160
)
(C:\Users\42190\AppData\Local\Programs\MiKTeX\tex/latex/subfigure\subfigure.sty
Package: subfigure 2002/07/30 v2.1.4 subfigure package
\subfigtopskip=\skip57
\subfigcapskip=\skip58
\subfigcaptopadj=\dimen161
\subfigbottomskip=\skip59
\subfigcapmargin=\dimen162
\subfiglabelskip=\skip60
\c@subfigure=\count278
\c@lofdepth=\count279
\c@subtable=\count280
\c@lotdepth=\count281
****************************************
* Local config file subfigure.cfg used *
****************************************

(C:\Users\42190\AppData\Local\Programs\MiKTeX\tex/latex/subfigure\subfigure.cfg
)
\subfig@top=\skip61
\subfig@bottom=\skip62
)
(C:\Users\42190\AppData\Local\Programs\MiKTeX\tex/latex/pdfpages\pdfpages.sty
Package: pdfpages 2022/01/29 v0.5u Insert pages of external PDF documents (AM)

(C:\Users\42190\AppData\Local\Programs\MiKTeX\tex/latex/base\ifthen.sty
Package: ifthen 2020/11/24 v1.1c Standard LaTeX ifthen package (DPC)
)
(C:\Users\42190\AppData\Local\Programs\MiKTeX\tex/latex/eso-pic\eso-pic.sty
Package: eso-pic 2020/10/14 v3.0a eso-pic (RN)
\ESO@tempdima=\dimen163
\ESO@tempdimb=\dimen164

(C:\Users\42190\AppData\Local\Programs\MiKTeX\tex/latex/xcolor\xcolor.sty
Package: xcolor 2021/10/31 v2.13 LaTeX color extensions (UK)

(C:\Users\42190\AppData\Local\Programs\MiKTeX\tex/latex/graphics-cfg\color.cfg
File: color.cfg 2016/01/02 v1.6 sample color configuration
)
Package xcolor Info: Driver file: pdftex.def on input line 227.
Package xcolor Info: Model `cmy' substituted by `cmy0' on input line 1352.
Package xcolor Info: Model `hsb' substituted by `rgb' on input line 1356.
Package xcolor Info: Model `RGB' extended on input line 1368.
Package xcolor Info: Model `HTML' substituted by `rgb' on input line 1370.
Package xcolor Info: Model `Hsb' substituted by `hsb' on input line 1371.
Package xcolor Info: Model `tHsb' substituted by `hsb' on input line 1372.
Package xcolor Info: Model `HSB' substituted by `hsb' on input line 1373.
Package xcolor Info: Model `Gray' substituted by `gray' on input line 1374.
Package xcolor Info: Model `wave' substituted by `hsb' on input line 1375.
))
\AM@pagewidth=\dimen165
\AM@pageheight=\dimen166
\AM@fboxrule=\dimen167

(C:\Users\42190\AppData\Local\Programs\MiKTeX\tex/latex/pdfpages\pppdftex.def
File: pppdftex.def 2022/01/29 v0.5u Pdfpages driver for pdfTeX (AM)
)
\pdfpages@includegraphics@status=\count282
\AM@pagebox=\box53
\AM@global@opts=\toks24
\AM@pagecnt=\count283
\AM@toc@title=\toks25
\c@AM@survey=\count284
\AM@templatesizebox=\box54
) (C:\Users\42190\AppData\Local\Programs\MiKTeX\tex/latex/tools\enumerate.sty
Package: enumerate 2015/07/23 v3.00 enumerate extensions (DPC)
\@enLab=\toks26
)
(C:\Users\42190\AppData\Local\Programs\MiKTeX\tex/latex/etoolbox\etoolbox.sty
Package: etoolbox 2020/10/05 v2.5k e-TeX tools for LaTeX (JAW)
\etb@tempcnta=\count285
)
(C:\Users\42190\AppData\Local\Programs\MiKTeX\tex/latex/url\url.sty
\Urlmuskip=\muskip17
Package: url 2013/09/16  ver 3.4  Verb mode for urls, etc.
)
(C:\Users\42190\AppData\Local\Programs\MiKTeX\tex/latex/notes\notes.sty
Package: notes 2002/10/29 v1.0.1 (Duncan Webb)
\noteskipamount=\skip63
\textwidth=\dimen168
\marparsep=\dimen169
\rulewd=\dimen170
\ruleht=\dimen171
\iconwd=\dimen172
\iconht=\dimen173
\textwd=\dimen174
\vframegap=\dimen175
\hframegap=\dimen176
\c@notecnt=\count286
\containerwd=\dimen177
\textframeht=\dimen178
\iconframeht=\dimen179
\containerht=\dimen180
\notesmargin=\dimen181
\dbgrulewd=\dimen182
\dbgruleht=\dimen183
\iconframe=\box55
\textframe=\box56
\iconcontainer=\box57
\textcontainer=\box58
\container=\box59
\notesbox=\box60
\pageleft=\dimen184
\notesboxht=\dimen185
\notebox=\box61
)
(C:\Users\42190\AppData\Local\Programs\MiKTeX\tex/latex/tools\indentfirst.sty
Package: indentfirst 1995/11/23 v1.03 Indent first paragraph (DPC)
)
(C:\Users\42190\AppData\Local\Programs\MiKTeX\tex/latex/makecell\makecell.sty
Package: makecell 2009/08/03 V0.1e Managing of Tab Column Heads and Cells

(C:\Users\42190\AppData\Local\Programs\MiKTeX\tex/latex/tools\array.sty
Package: array 2021/10/04 v2.5f Tabular extension package (FMi)
\col@sep=\dimen186
\ar@mcellbox=\box62
\extrarowheight=\dimen187
\NC@list=\toks27
\extratabsurround=\skip64
\backup@length=\skip65
\ar@cellbox=\box63
)
\rotheadsize=\dimen188
\c@nlinenum=\count287
\TeXr@lab=\toks28
)
(C:\Users\42190\AppData\Local\Programs\MiKTeX\tex/latex/was\upgreek.sty
Package: upgreek 2003/02/12 v2.0 (WaS)
Package upgreek Info: Using Euler Roman for upright Greek on input line 31.
\symugrf@m=\mathgroup4
LaTeX Font Info:    Overwriting symbol font `ugrf@m' in version `bold'
(Font)                  U/eur/m/n --> U/eur/b/n on input line 38.
)
(C:\Users\42190\AppData\Local\Programs\MiKTeX\tex/latex/tools\multicol.sty
Package: multicol 2021/10/28 v1.9b multicolumn formatting (FMi)
\c@tracingmulticols=\count288
\mult@box=\box64
\multicol@leftmargin=\dimen189
\c@unbalance=\count289
\c@collectmore=\count290
\doublecol@number=\count291
\multicoltolerance=\count292
\multicolpretolerance=\count293
\full@width=\dimen190
\page@free=\dimen191
\premulticols=\dimen192
\postmulticols=\dimen193
\multicolsep=\skip66
\multicolbaselineskip=\skip67
\partial@page=\box65
\last@line=\box66
\maxbalancingoverflow=\dimen194
\mult@rightbox=\box67
\mult@grightbox=\box68
\mult@firstbox=\box69
\mult@gfirstbox=\box70
\@tempa=\box71
\@tempa=\box72
\@tempa=\box73
\@tempa=\box74
\@tempa=\box75
\@tempa=\box76
\@tempa=\box77
\@tempa=\box78
\@tempa=\box79
\@tempa=\box80
\@tempa=\box81
\@tempa=\box82
\@tempa=\box83
\@tempa=\box84
\@tempa=\box85
\@tempa=\box86
\@tempa=\box87
\@tempa=\box88
\@tempa=\box89
\@tempa=\box90
\@tempa=\box91
\@tempa=\box92
\@tempa=\box93
\@tempa=\box94
\@tempa=\box95
\@tempa=\box96
\@tempa=\box97
\@tempa=\box98
\@tempa=\box99
\@tempa=\box100
\@tempa=\box101
\@tempa=\box102
\@tempa=\box103
\@tempa=\box104
\@tempa=\box105
\@tempa=\box106
\c@minrows=\count294
\c@columnbadness=\count295
\c@finalcolumnbadness=\count296
\last@try=\dimen195
\multicolovershoot=\dimen196
\multicolundershoot=\dimen197
\mult@nat@firstbox=\box107
\colbreak@box=\box108
\mc@col@check@num=\count297
)
(C:\Users\42190\AppData\Local\Programs\MiKTeX\tex/latex/eurosym\eurosym.sty
Package: eurosym 1998/08/06 v1.1 European currency symbol ``Euro''
\@eurobox=\box109
)
(C:\Users\42190\AppData\Local\Programs\MiKTeX\tex/latex/geometry\geometry.sty
Package: geometry 2020/01/02 v5.9 Page Geometry

(C:\Users\42190\AppData\Local\Programs\MiKTeX\tex/generic/iftex\ifvtex.sty
Package: ifvtex 2019/10/25 v1.7 ifvtex legacy package. Use iftex instead.

(C:\Users\42190\AppData\Local\Programs\MiKTeX\tex/generic/iftex\iftex.sty
Package: iftex 2022/02/03 v1.0f TeX engine tests
))
\Gm@cnth=\count298
\Gm@cntv=\count299
\c@Gm@tempcnt=\count300
\Gm@bindingoffset=\dimen198
\Gm@wd@mp=\dimen199
\Gm@odd@mp=\dimen256
\Gm@even@mp=\dimen257
\Gm@layoutwidth=\dimen258
\Gm@layoutheight=\dimen259
\Gm@layouthoffset=\dimen260
\Gm@layoutvoffset=\dimen261
\Gm@dimlist=\toks29

(C:\Users\42190\AppData\Local\Programs\MiKTeX\tex/latex/geometry\geometry.cfg))
(C:\Users\42190\AppData\Local\Programs\MiKTeX\tex/latex/titlesec\titlesec.sty
Package: titlesec 2021/07/05 v2.14 Sectioning titles
\ttl@box=\box110
\beforetitleunit=\skip68
\aftertitleunit=\skip69
\ttl@plus=\dimen262
\ttl@minus=\dimen263
\ttl@toksa=\toks30
\titlewidth=\dimen264
\titlewidthlast=\dimen265
\titlewidthfirst=\dimen266
)
(C:\Users\42190\AppData\Local\Programs\MiKTeX\tex/latex/amscls\amsthm.sty
Package: amsthm 2020/05/29 v2.20.6
\thm@style=\toks31
\thm@bodyfont=\toks32
\thm@headfont=\toks33
\thm@notefont=\toks34
\thm@headpunct=\toks35
\thm@preskip=\skip70
\thm@postskip=\skip71
\thm@headsep=\skip72
\dth@everypar=\toks36
)
\c@exmp=\count301

(C:\Users\42190\AppData\Local\Programs\MiKTeX\tex/latex/listings\listings.sty
\lst@mode=\count302
\lst@gtempboxa=\box111
\lst@token=\toks37
\lst@length=\count303
\lst@currlwidth=\dimen267
\lst@column=\count304
\lst@pos=\count305
\lst@lostspace=\dimen268
\lst@width=\dimen269
\lst@newlines=\count306
\lst@lineno=\count307
\lst@maxwidth=\dimen270

(C:\Users\42190\AppData\Local\Programs\MiKTeX\tex/latex/listings\lstmisc.sty
File: lstmisc.sty 2020/03/24 1.8d (Carsten Heinz)
\c@lstnumber=\count308
\lst@skipnumbers=\count309
\lst@framebox=\box112
)
(C:\Users\42190\AppData\Local\Programs\MiKTeX\tex/latex/listings\listings.cfg
File: listings.cfg 2020/03/24 1.8d listings configuration
))
Package: listings 2020/03/24 1.8d (Carsten Heinz)
(C:\Users\42190\AppData\Local\Programs\MiKTeX\tex/latex/listings\lstlang1.sty
File: lstlang1.sty 2020/03/24 1.8d listings language file
)
(C:\Users\42190\AppData\Local\Programs\MiKTeX\tex/latex/listings\lstlang1.sty
File: lstlang1.sty 2020/03/24 1.8d listings language file
)
(C:\Users\42190\AppData\Local\Programs\MiKTeX\tex/latex/listings\lstmisc.sty
File: lstmisc.sty 2020/03/24 1.8d (Carsten Heinz)
)
LaTeX Font Info:    Trying to load font information for T1+lmr on input line 77
.

(C:\Users\42190\AppData\Local\Programs\MiKTeX\tex/latex/lm\t1lmr.fd
File: t1lmr.fd 2009/10/30 v1.6 Font defs for Latin Modern
)
(C:\Users\42190\AppData\Local\Programs\MiKTeX\tex/latex/l3backend\l3backend-pdf
tex.def
File: l3backend-pdftex.def 2022-02-07 L3 backend support: PDF output (pdfTeX)
\l__color_backend_stack_int=\count310
\l__pdf_internal_box=\box113
) (main.aux (Introduction.aux) (MainPart.aux) (lqr.m.aux) (lqrReal.m.aux) (mpc.
m.aux) (mpcReal.m.aux) (mpcCostFcn.m.aux) (smc.m.aux) (smcReal.m.aux))
\openout1 = `main.aux'.

LaTeX Font Info:    Checking defaults for OML/cmm/m/it on input line 77.
LaTeX Font Info:    ... okay on input line 77.
LaTeX Font Info:    Checking defaults for OMS/cmsy/m/n on input line 77.
LaTeX Font Info:    ... okay on input line 77.
LaTeX Font Info:    Checking defaults for OT1/cmr/m/n on input line 77.
LaTeX Font Info:    ... okay on input line 77.
LaTeX Font Info:    Checking defaults for T1/cmr/m/n on input line 77.
LaTeX Font Info:    ... okay on input line 77.
LaTeX Font Info:    Checking defaults for TS1/cmr/m/n on input line 77.
LaTeX Font Info:    ... okay on input line 77.
LaTeX Font Info:    Checking defaults for OMX/cmex/m/n on input line 77.
LaTeX Font Info:    ... okay on input line 77.
LaTeX Font Info:    Checking defaults for U/cmr/m/n on input line 77.
LaTeX Font Info:    ... okay on input line 77.

(C:\Users\42190\AppData\Local\Programs\MiKTeX\tex/context/base/mkii\supp-pdf.mk
ii
[Loading MPS to PDF converter (version 2006.09.02).]
\scratchcounter=\count311
\scratchdimen=\dimen271
\scratchbox=\box114
\nofMPsegments=\count312
\nofMParguments=\count313
\everyMPshowfont=\toks38
\MPscratchCnt=\count314
\MPscratchDim=\dimen272
\MPnumerator=\count315
\makeMPintoPDFobject=\count316
\everyMPtoPDFconversion=\toks39
)
(C:\Users\42190\AppData\Local\Programs\MiKTeX\tex/latex/epstopdf-pkg\epstopdf-b
ase.sty
Package: epstopdf-base 2020-01-24 v2.11 Base part for package epstopdf
Package epstopdf-base Info: Redefining graphics rule for `.eps' on input line 4
85.

(C:\Users\42190\AppData\Local\Programs\MiKTeX\tex/latex/00miktex\epstopdf-sys.c
fg
File: epstopdf-sys.cfg 2021/03/18 v2.0 Configuration of epstopdf for MiKTeX
))
(C:\Users\42190\AppData\Local\Programs\MiKTeX\tex/latex/pdflscape\pdflscape.sty
Package: pdflscape 2019/12/05 v0.12 Display of landscape pages in PDF (HO)
(C:\Users\42190\AppData\Local\Programs\MiKTeX\tex/latex/graphics\lscape.sty
Package: lscape 2020/05/28 v3.02 Landscape Pages (DPC)
)
Package pdflscape Info: Auto-detected driver: pdftex on input line 81.
)
*geometry* driver: auto-detecting
*geometry* detected driver: pdftex
*geometry* verbose mode - [ preamble ] result:
* driver: pdftex
* paper: custom
* layout: <same size as paper>
* layoutoffset:(h,v)=(0.0pt,0.0pt)
* modes: includehead 
* h-part:(L,W,R)=(99.58464pt, 441.01773pt, 56.9055pt)
* v-part:(T,H,B)=(71.13188pt, 702.78308pt, 71.13188pt)
* \paperwidth=597.50787pt
* \paperheight=845.04684pt
* \textwidth=441.01773pt
* \textheight=670.90929pt
* \oddsidemargin=27.31465pt
* \evensidemargin=27.31465pt
* \topmargin=-1.1381pt
* \headheight=12.0pt
* \headsep=19.8738pt
* \topskip=12.0pt
* \footskip=30.0pt
* \marginparwidth=38.0pt
* \marginparsep=7.0pt
* \columnsep=10.0pt
* \skip\footins=10.8pt plus 4.0pt minus 2.0pt
* \hoffset=0.0pt
* \voffset=0.0pt
* \mag=1000
* \@twocolumnfalse
* \@twosidefalse
* \@mparswitchfalse
* \@reversemarginfalse
* (1in=72.27pt=25.4mm, 1cm=28.453pt)

\c@lstlisting=\count317


pdfTeX warning: pdflatex.exe (file ./Titulka.pdf): PDF inclusion: found PDF ver
sion <1.7>, but at most version <1.5> allowed
<Titulka.pdf, id=1, 597.55246pt x 845.07718pt>
File: Titulka.pdf Graphic file (type pdf)
<use Titulka.pdf>
Package pdftex.def Info: Titulka.pdf  used on input line 79.
(pdftex.def)             Requested size: 597.551pt x 845.07512pt.


pdfTeX warning: pdflatex.exe (file ./Titulka.pdf): PDF inclusion: found PDF ver
sion <1.7>, but at most version <1.5> allowed
File: Titulka.pdf Graphic file (type pdf)
<use Titulka.pdf>
Package pdftex.def Info: Titulka.pdf  used on input line 79.
(pdftex.def)             Requested size: 597.551pt x 845.07512pt.


pdfTeX warning: pdflatex.exe (file ./Titulka.pdf): PDF inclusion: found PDF ver
sion <1.7>, but at most version <1.5> allowed


pdfTeX warning: pdflatex.exe (file ./Titulka.pdf): PDF inclusion: found PDF ver
sion <1.7>, but at most version <1.5> allowed
<Titulka.pdf, id=4, page=1, 597.55246pt x 845.07718pt>
File: Titulka.pdf Graphic file (type pdf)
<use Titulka.pdf, page 1>
Package pdftex.def Info: Titulka.pdf , page1 used on input line 79.
(pdftex.def)             Requested size: 597.551pt x 845.07512pt.
File: Titulka.pdf Graphic file (type pdf)
<use Titulka.pdf, page 1>
Package pdftex.def Info: Titulka.pdf , page1 used on input line 79.
(pdftex.def)             Requested size: 597.57834pt x 845.1138pt.
File: Titulka.pdf Graphic file (type pdf)
<use Titulka.pdf, page 1>
Package pdftex.def Info: Titulka.pdf , page1 used on input line 79.
(pdftex.def)             Requested size: 597.57834pt x 845.1138pt.
File: Titulka.pdf Graphic file (type pdf)
<use Titulka.pdf, page 1>
Package pdftex.def Info: Titulka.pdf , page1 used on input line 79.
(pdftex.def)             Requested size: 597.57834pt x 845.1138pt.
File: Titulka.pdf Graphic file (type pdf)
<use Titulka.pdf, page 1>
Package pdftex.def Info: Titulka.pdf , page1 used on input line 79.
(pdftex.def)             Requested size: 597.57834pt x 845.1138pt.
[1

 <./Titulka.pdf>] (main.toc
LaTeX Font Info:    Trying to load font information for OT1+lmr on input line 6
.

(C:\Users\42190\AppData\Local\Programs\MiKTeX\tex/latex/lm\ot1lmr.fd
File: ot1lmr.fd 2009/10/30 v1.6 Font defs for Latin Modern
)
LaTeX Font Info:    Trying to load font information for OML+lmm on input line 6
.

(C:\Users\42190\AppData\Local\Programs\MiKTeX\tex/latex/lm\omllmm.fd
File: omllmm.fd 2009/10/30 v1.6 Font defs for Latin Modern
)
LaTeX Font Info:    Trying to load font information for OMS+lmsy on input line 
6.

(C:\Users\42190\AppData\Local\Programs\MiKTeX\tex/latex/lm\omslmsy.fd
File: omslmsy.fd 2009/10/30 v1.6 Font defs for Latin Modern
)
LaTeX Font Info:    Trying to load font information for OMX+lmex on input line 
6.

(C:\Users\42190\AppData\Local\Programs\MiKTeX\tex/latex/lm\omxlmex.fd
File: omxlmex.fd 2009/10/30 v1.6 Font defs for Latin Modern
)
LaTeX Font Info:    External font `lmex10' loaded for size
(Font)              <12> on input line 6.
LaTeX Font Info:    External font `lmex10' loaded for size
(Font)              <8> on input line 6.
LaTeX Font Info:    External font `lmex10' loaded for size
(Font)              <6> on input line 6.
 [1


{C:/Users/42190/AppData/Local/MiKTeX/fonts/map/pdftex/pdftex.map}])
\tf@toc=\write3
\openout3 = `main.toc'.

 [2] (main.lof)
\tf@lof=\write4
\openout4 = `main.lof'.


[1


] (main.lol)
\tf@lol=\write5
\openout5 = `main.lol'.

 [2


]
\openout2 = `Introduction.aux'.

 (Introduction.tex
<obr/rotationalPendulum.jpg, id=46, 1828.8325pt x 2104.86375pt>
File: obr/rotationalPendulum.jpg Graphic file (type jpg)
<use obr/rotationalPendulum.jpg>
Package pdftex.def Info: obr/rotationalPendulum.jpg  used on input line 13.
(pdftex.def)             Requested size: 170.71652pt x 196.46332pt.
<obr/linearPendulum.jpg, id=47, 2509.375pt x 1959.32pt>
File: obr/linearPendulum.jpg Graphic file (type jpg)
<use obr/linearPendulum.jpg>
Package pdftex.def Info: obr/linearPendulum.jpg  used on input line 15.
(pdftex.def)             Requested size: 227.62204pt x 177.70644pt.
 [1



 <./obr/rotationalPendulum.jpg> <./obr/linearPendulum.jpg>]
<obr/pendulumInverted.jpg, id=52, 4047.12pt x 2276.505pt>
File: obr/pendulumInverted.jpg Graphic file (type jpg)
<use obr/pendulumInverted.jpg>
Package pdftex.def Info: obr/pendulumInverted.jpg  used on input line 28.
(pdftex.def)             Requested size: 398.33858pt x 224.05122pt.
) [2 <./obr/pendulumInverted.jpg>]
\openout2 = `MainPart.aux'.

 (MainPart.tex
Chapter 1.
[3




]
Chapter 2.
[4

]
Chapter 3.
LaTeX Font Info:    External font `lmex10' loaded for size
(Font)              <10> on input line 24.
LaTeX Font Info:    External font `lmex10' loaded for size
(Font)              <7> on input line 24.
LaTeX Font Info:    External font `lmex10' loaded for size
(Font)              <5> on input line 24.
[5

]
<obr/position.png, id=73, 415.3116pt x 111.7776pt>
File: obr/position.png Graphic file (type png)
<use obr/position.png>
Package pdftex.def Info: obr/position.png  used on input line 56.
(pdftex.def)             Requested size: 369.88582pt x 99.55849pt.
 [6 <./obr/position.png (PNG copy)>]
<obr/lqrangle.png, id=79, 423.0204pt x 112.2594pt>
File: obr/lqrangle.png Graphic file (type png)
<use obr/lqrangle.png>
Package pdftex.def Info: obr/lqrangle.png  used on input line 70.
(pdftex.def)             Requested size: 369.88582pt x 98.16162pt.
<obr/torquelqr.png, id=80, 419.166pt x 222.1098pt>
File: obr/torquelqr.png Graphic file (type png)
<use obr/torquelqr.png>
Package pdftex.def Info: obr/torquelqr.png  used on input line 76.
(pdftex.def)             Requested size: 369.88582pt x 195.99948pt.
 [7 <./obr/lqrangle.png (PNG copy)> <./obr/torquelqr.png (PNG copy)>]
Underfull \hbox (badness 10000) in paragraph at lines 113--114

 []

[8]
<obr/mpcPos.png, id=90, 418.2024pt x 111.7776pt>
File: obr/mpcPos.png Graphic file (type png)
<use obr/mpcPos.png>
Package pdftex.def Info: obr/mpcPos.png  used on input line 121.
(pdftex.def)             Requested size: 426.79134pt x 114.07643pt.
<obr/mpcAng.png, id=91, 423.0204pt x 112.2594pt>
File: obr/mpcAng.png Graphic file (type png)
<use obr/mpcAng.png>
Package pdftex.def Info: obr/mpcAng.png  used on input line 127.
(pdftex.def)             Requested size: 426.79134pt x 113.2646pt.
<obr/mpcTor.png, id=92, 419.166pt x 221.628pt>
File: obr/mpcTor.png Graphic file (type png)
<use obr/mpcTor.png>
Package pdftex.def Info: obr/mpcTor.png  used on input line 133.
(pdftex.def)             Requested size: 426.79134pt x 225.6619pt.
 [9 <./obr/mpcPos.png (PNG copy)> <./obr/mpcAng.png (PNG copy)>] [10 <./obr/mpc
Tor.png (PNG copy)>]
LaTeX Font Info:    Trying to load font information for TS1+lmr on input line 1
77.

(C:\Users\42190\AppData\Local\Programs\MiKTeX\tex/latex/lm\ts1lmr.fd
File: ts1lmr.fd 2009/10/30 v1.6 Font defs for Latin Modern
) [11]
<obr/posSmc.png, id=103, 418.2024pt x 111.7776pt>
File: obr/posSmc.png Graphic file (type png)
<use obr/posSmc.png>
Package pdftex.def Info: obr/posSmc.png  used on input line 187.
(pdftex.def)             Requested size: 426.79134pt x 114.07643pt.
<obr/angSmc.png, id=104, 418.2024pt x 112.2594pt>
File: obr/angSmc.png Graphic file (type png)
<use obr/angSmc.png>
Package pdftex.def Info: obr/angSmc.png  used on input line 193.
(pdftex.def)             Requested size: 426.79134pt x 114.56815pt.
<obr/torSmc.png, id=105, 419.166pt x 221.628pt>
File: obr/torSmc.png Graphic file (type png)
<use obr/torSmc.png>
Package pdftex.def Info: obr/torSmc.png  used on input line 199.
(pdftex.def)             Requested size: 426.79134pt x 225.6619pt.

[12 <./obr/posSmc.png (PNG copy)> <./obr/angSmc.png (PNG copy)>] [13 <./obr/tor
Smc.png (PNG copy)>]) [14] (main.bbl) [3



] [4]
\openout2 = `lqr.m.aux'.

 (lqr.m.tex
LaTeX Font Info:    Trying to load font information for T1+lmtt on input line 9
.

(C:\Users\42190\AppData\Local\Programs\MiKTeX\tex/latex/lm\t1lmtt.fd
File: t1lmtt.fd 2009/10/30 v1.6 Font defs for Latin Modern
)
LaTeX Font Info:    Font shape `T1/lmtt/bx/n' in size <8> not available
(Font)              Font shape `T1/lmtt/b/n' tried instead on input line 9.
 [5


]
[6]) [7]
\openout2 = `lqrReal.m.aux'.

 (lqrReal.m.tex [8



]) [9]
\openout2 = `mpc.m.aux'.

 (mpc.m.tex [10



] [11]) [12]
\openout2 = `mpcReal.m.aux'.

 (mpcReal.m.tex
[13



]) [14]
\openout2 = `mpcCostFcn.m.aux'.

 (mpcCostFcn.m.tex) [15



]
\openout2 = `smc.m.aux'.

 (smc.m.tex [16



] [17]) [18]
\openout2 = `smcReal.m.aux'.

 (smcReal.m.tex
[19



]) [20] (main.aux (Introduction.aux) (MainPart.aux) (lqr.m.aux)
(lqrReal.m.aux) (mpc.m.aux) (mpcReal.m.aux) (mpcCostFcn.m.aux) (smc.m.aux)
(smcReal.m.aux)) ) 
Here is how much of TeX's memory you used:
 10447 strings out of 478584
 163545 string characters out of 2844401
 1110403 words of memory out of 3000000
 28364 multiletter control sequences out of 15000+600000
 535136 words of font info for 71 fonts, out of 8000000 for 9000
 1141 hyphenation exceptions out of 8191
 68i,17n,76p,1018b,1625s stack positions out of 5000i,500n,10000p,200000b,80000s
{C:/Users/42190/AppData/Local/Programs/MiKTeX/fonts/enc/dvips
/lm/lm-ec.enc}{C:/Users/42190/AppData/Local/Programs/MiKTeX/fonts/enc/dvips/lm/
lm-ts1.enc}{C:/Users/42190/AppData/Local/Programs/MiKTeX/fonts/enc/dvips/lm/lm-
rm.enc}{C:/Users/42190/AppData/Local/Programs/MiKTeX/fonts/enc/dvips/lm/lm-math
sy.enc}{C:/Users/42190/AppData/Local/Programs/MiKTeX/fonts/enc/dvips/lm/lm-math
ex.enc}{C:/Users/42190/AppData/Local/Programs/MiKTeX/fonts/enc/dvips/lm/lm-math
it.enc}<C:/Users/42190/AppData/Local/Programs/MiKTeX/fonts/type1/public/lm/lmbx
12.pfb><C:/Users/42190/AppData/Local/Programs/MiKTeX/fonts/type1/public/lm/lmbx
8.pfb><C:/Users/42190/AppData/Local/Programs/MiKTeX/fonts/type1/public/lm/lmex1
0.pfb><C:/Users/42190/AppData/Local/Programs/MiKTeX/fonts/type1/public/lm/lmmi1
2.pfb><C:/Users/42190/AppData/Local/Programs/MiKTeX/fonts/type1/public/lm/lmmi6
.pfb><C:/Users/42190/AppData/Local/Programs/MiKTeX/fonts/type1/public/lm/lmmi8.
pfb><C:/Users/42190/AppData/Local/Programs/MiKTeX/fonts/type1/public/lm/lmr10.p
fb><C:/Users/42190/AppData/Local/Programs/MiKTeX/fonts/type1/public/lm/lmr12.pf
b><C:/Users/42190/AppData/Local/Programs/MiKTeX/fonts/type1/public/lm/lmr6.pfb>
<C:/Users/42190/AppData/Local/Programs/MiKTeX/fonts/type1/public/lm/lmr7.pfb><C
:/Users/42190/AppData/Local/Programs/MiKTeX/fonts/type1/public/lm/lmr8.pfb><C:/
Users/42190/AppData/Local/Programs/MiKTeX/fonts/type1/public/lm/lmri12.pfb><C:/
Users/42190/AppData/Local/Programs/MiKTeX/fonts/type1/public/lm/lmsy10.pfb><C:/
Users/42190/AppData/Local/Programs/MiKTeX/fonts/type1/public/lm/lmsy6.pfb><C:/U
sers/42190/AppData/Local/Programs/MiKTeX/fonts/type1/public/lm/lmsy8.pfb><C:/Us
ers/42190/AppData/Local/Programs/MiKTeX/fonts/type1/public/lm/lmtk10.pfb>
Output written on main.pdf (37 pages, 4266466 bytes).
PDF statistics:
 259 PDF objects out of 1000 (max. 8388607)
 0 named destinations out of 1000 (max. 500000)
 81 words of extra memory for PDF output out of 10000 (max. 10000000)

